


ARM Macro Assembler    Page 1 


    1 00000000         ; Copyright (c) 2009-2018 ARM Limited. All rights reserv
                       ed.
    2 00000000         ; 
    3 00000000         ;     SPDX-License-Identifier: Apache-2.0
    4 00000000         ; 
    5 00000000         ; Licensed under the Apache License, Version 2.0 (the Li
                       cense); you may
    6 00000000         ; not use this file except in compliance with the Licens
                       e.
    7 00000000         ; You may obtain a copy of the License at
    8 00000000         ; 
    9 00000000         ;     www.apache.org/licenses/LICENSE-2.0
   10 00000000         ; 
   11 00000000         ; Unless required by applicable law or agreed to in writ
                       ing, software
   12 00000000         ; distributed under the License is distributed on an AS 
                       IS BASIS, WITHOUT
   13 00000000         ; WARRANTIES OR CONDITIONS OF ANY KIND, either express o
                       r implied.
   14 00000000         ; See the License for the specific language governing pe
                       rmissions and
   15 00000000         ; limitations under the License.
   16 00000000         ; 
   17 00000000         ; NOTICE: This file has been modified by Nordic Semicond
                       uctor ASA.
   18 00000000         
   19 00000000                 IF               :DEF: __STARTUP_CONFIG
   26                          ENDIF
   27 00000000         
   28 00000000                 IF               :DEF: __STARTUP_CONFIG
   33 00000000 00000800 
                       Stack_Size
                               EQU              2048
   34 00000000                 ENDIF
   35 00000000         
   36 00000000                 IF               :DEF: __STARTUP_CONFIG
   39 00000000 00000003 
                       Stack_Align
                               EQU              3
   40 00000000                 ENDIF
   41 00000000         
   42 00000000                 AREA             STACK, NOINIT, READWRITE, ALIGN
=Stack_Align
   43 00000000         Stack_Mem
                               SPACE            Stack_Size
   44 00000800         __initial_sp
   45 00000800         
   46 00000800                 IF               :DEF: __STARTUP_CONFIG
   51 00000800 00000800 
                       Heap_Size
                               EQU              2048
   52 00000800                 ENDIF
   53 00000800         
   54 00000800                 AREA             HEAP, NOINIT, READWRITE, ALIGN=
3
   55 00000000         __heap_base
   56 00000000         Heap_Mem
                               SPACE            Heap_Size
   57 00000800         __heap_limit



ARM Macro Assembler    Page 2 


   58 00000800         
   59 00000800                 PRESERVE8
   60 00000800                 THUMB
   61 00000800         
   62 00000800         ; Vector Table Mapped to Address 0 at Reset
   63 00000800         
   64 00000800                 AREA             RESET, DATA, READONLY
   65 00000000                 EXPORT           __Vectors
   66 00000000                 EXPORT           __Vectors_End
   67 00000000                 EXPORT           __Vectors_Size
   68 00000000         
   69 00000000 00000000 
                       __Vectors
                               DCD              __initial_sp ; Top of Stack
   70 00000004 00000000        DCD              Reset_Handler
   71 00000008 00000000        DCD              NMI_Handler
   72 0000000C 00000000        DCD              HardFault_Handler
   73 00000010 00000000        DCD              MemoryManagement_Handler
   74 00000014 00000000        DCD              BusFault_Handler
   75 00000018 00000000        DCD              UsageFault_Handler
   76 0000001C 00000000        DCD              0           ; Reserved
   77 00000020 00000000        DCD              0           ; Reserved
   78 00000024 00000000        DCD              0           ; Reserved
   79 00000028 00000000        DCD              0           ; Reserved
   80 0000002C 00000000        DCD              SVC_Handler
   81 00000030 00000000        DCD              DebugMon_Handler
   82 00000034 00000000        DCD              0           ; Reserved
   83 00000038 00000000        DCD              PendSV_Handler
   84 0000003C 00000000        DCD              SysTick_Handler
   85 00000040         
   86 00000040         ; External Interrupts
   87 00000040 00000000        DCD              POWER_CLOCK_IRQHandler
   88 00000044 00000000        DCD              RADIO_IRQHandler
   89 00000048 00000000        DCD              UARTE0_UART0_IRQHandler
   90 0000004C 00000000        DCD              TWIM0_TWIS0_TWI0_IRQHandler
   91 00000050 00000000        DCD              SPIM0_SPIS0_SPI0_IRQHandler
   92 00000054 00000000        DCD              0           ; Reserved
   93 00000058 00000000        DCD              GPIOTE_IRQHandler
   94 0000005C 00000000        DCD              SAADC_IRQHandler
   95 00000060 00000000        DCD              TIMER0_IRQHandler
   96 00000064 00000000        DCD              TIMER1_IRQHandler
   97 00000068 00000000        DCD              TIMER2_IRQHandler
   98 0000006C 00000000        DCD              RTC0_IRQHandler
   99 00000070 00000000        DCD              TEMP_IRQHandler
  100 00000074 00000000        DCD              RNG_IRQHandler
  101 00000078 00000000        DCD              ECB_IRQHandler
  102 0000007C 00000000        DCD              CCM_AAR_IRQHandler
  103 00000080 00000000        DCD              WDT_IRQHandler
  104 00000084 00000000        DCD              RTC1_IRQHandler
  105 00000088 00000000        DCD              QDEC_IRQHandler
  106 0000008C 00000000        DCD              COMP_IRQHandler
  107 00000090 00000000        DCD              SWI0_EGU0_IRQHandler
  108 00000094 00000000        DCD              SWI1_EGU1_IRQHandler
  109 00000098 00000000        DCD              SWI2_IRQHandler
  110 0000009C 00000000        DCD              SWI3_IRQHandler
  111 000000A0 00000000        DCD              SWI4_IRQHandler
  112 000000A4 00000000        DCD              SWI5_IRQHandler
  113 000000A8 00000000        DCD              0           ; Reserved
  114 000000AC 00000000        DCD              0           ; Reserved



ARM Macro Assembler    Page 3 


  115 000000B0 00000000        DCD              PWM0_IRQHandler
  116 000000B4 00000000        DCD              PDM_IRQHandler
  117 000000B8 00000000        DCD              0           ; Reserved
  118 000000BC 00000000        DCD              0           ; Reserved
  119 000000C0 00000000        DCD              0           ; Reserved
  120 000000C4 00000000        DCD              0           ; Reserved
  121 000000C8 00000000        DCD              0           ; Reserved
  122 000000CC 00000000        DCD              0           ; Reserved
  123 000000D0 00000000        DCD              0           ; Reserved
  124 000000D4 00000000        DCD              0           ; Reserved
  125 000000D8 00000000        DCD              0           ; Reserved
  126 000000DC 00000000        DCD              0           ; Reserved
  127 000000E0 00000000        DCD              0           ; Reserved
  128 000000E4 00000000        DCD              0           ; Reserved
  129 000000E8 00000000        DCD              0           ; Reserved
  130 000000EC 00000000        DCD              0           ; Reserved
  131 000000F0 00000000        DCD              0           ; Reserved
  132 000000F4 00000000        DCD              0           ; Reserved
  133 000000F8 00000000        DCD              0           ; Reserved
  134 000000FC 00000000        DCD              0           ; Reserved
  135 00000100 00000000        DCD              0           ; Reserved
  136 00000104 00000000        DCD              0           ; Reserved
  137 00000108 00000000        DCD              0           ; Reserved
  138 0000010C 00000000        DCD              0           ; Reserved
  139 00000110 00000000        DCD              0           ; Reserved
  140 00000114 00000000        DCD              0           ; Reserved
  141 00000118 00000000        DCD              0           ; Reserved
  142 0000011C 00000000        DCD              0           ; Reserved
  143 00000120 00000000        DCD              0           ; Reserved
  144 00000124 00000000        DCD              0           ; Reserved
  145 00000128 00000000        DCD              0           ; Reserved
  146 0000012C 00000000        DCD              0           ; Reserved
  147 00000130 00000000        DCD              0           ; Reserved
  148 00000134 00000000        DCD              0           ; Reserved
  149 00000138 00000000        DCD              0           ; Reserved
  150 0000013C 00000000        DCD              0           ; Reserved
  151 00000140 00000000        DCD              0           ; Reserved
  152 00000144 00000000        DCD              0           ; Reserved
  153 00000148 00000000        DCD              0           ; Reserved
  154 0000014C 00000000        DCD              0           ; Reserved
  155 00000150 00000000        DCD              0           ; Reserved
  156 00000154 00000000        DCD              0           ; Reserved
  157 00000158 00000000        DCD              0           ; Reserved
  158 0000015C 00000000        DCD              0           ; Reserved
  159 00000160 00000000        DCD              0           ; Reserved
  160 00000164 00000000        DCD              0           ; Reserved
  161 00000168 00000000        DCD              0           ; Reserved
  162 0000016C 00000000        DCD              0           ; Reserved
  163 00000170 00000000        DCD              0           ; Reserved
  164 00000174 00000000        DCD              0           ; Reserved
  165 00000178 00000000        DCD              0           ; Reserved
  166 0000017C 00000000        DCD              0           ; Reserved
  167 00000180 00000000        DCD              0           ; Reserved
  168 00000184 00000000        DCD              0           ; Reserved
  169 00000188 00000000        DCD              0           ; Reserved
  170 0000018C 00000000        DCD              0           ; Reserved
  171 00000190 00000000        DCD              0           ; Reserved
  172 00000194 00000000        DCD              0           ; Reserved
  173 00000198 00000000        DCD              0           ; Reserved



ARM Macro Assembler    Page 4 


  174 0000019C 00000000        DCD              0           ; Reserved
  175 000001A0 00000000        DCD              0           ; Reserved
  176 000001A4 00000000        DCD              0           ; Reserved
  177 000001A8 00000000        DCD              0           ; Reserved
  178 000001AC 00000000        DCD              0           ; Reserved
  179 000001B0 00000000        DCD              0           ; Reserved
  180 000001B4 00000000        DCD              0           ; Reserved
  181 000001B8 00000000        DCD              0           ; Reserved
  182 000001BC 00000000        DCD              0           ; Reserved
  183 000001C0 00000000        DCD              0           ; Reserved
  184 000001C4 00000000        DCD              0           ; Reserved
  185 000001C8 00000000        DCD              0           ; Reserved
  186 000001CC 00000000        DCD              0           ; Reserved
  187 000001D0 00000000        DCD              0           ; Reserved
  188 000001D4 00000000        DCD              0           ; Reserved
  189 000001D8 00000000        DCD              0           ; Reserved
  190 000001DC 00000000        DCD              0           ; Reserved
  191 000001E0 00000000        DCD              0           ; Reserved
  192 000001E4 00000000        DCD              0           ; Reserved
  193 000001E8 00000000        DCD              0           ; Reserved
  194 000001EC 00000000        DCD              0           ; Reserved
  195 000001F0 00000000        DCD              0           ; Reserved
  196 000001F4 00000000        DCD              0           ; Reserved
  197 000001F8 00000000        DCD              0           ; Reserved
  198 000001FC 00000000        DCD              0           ; Reserved
  199 00000200         
  200 00000200         __Vectors_End
  201 00000200         
  202 00000200 00000200 
                       __Vectors_Size
                               EQU              __Vectors_End - __Vectors
  203 00000200         
  204 00000200                 AREA             |.text|, CODE, READONLY
  205 00000000         
  206 00000000         ; Reset Handler
  207 00000000         
  208 00000000         
  209 00000000         Reset_Handler
                               PROC
  210 00000000                 EXPORT           Reset_Handler             [WEAK
]
  211 00000000                 IMPORT           SystemInit
  212 00000000                 IMPORT           __main
  213 00000000         
  214 00000000         
  215 00000000 4809            LDR              R0, =SystemInit
  216 00000002 4780            BLX              R0
  217 00000004 4809            LDR              R0, =__main
  218 00000006 4700            BX               R0
  219 00000008                 ENDP
  220 00000008         
  221 00000008         ; Dummy Exception Handlers (infinite loops which can be 
                       modified)
  222 00000008         
  223 00000008         NMI_Handler
                               PROC
  224 00000008                 EXPORT           NMI_Handler               [WEAK
]
  225 00000008 E7FE            B                .



ARM Macro Assembler    Page 5 


  226 0000000A                 ENDP
  228 0000000A         HardFault_Handler
                               PROC
  229 0000000A                 EXPORT           HardFault_Handler         [WEAK
]
  230 0000000A E7FE            B                .
  231 0000000C                 ENDP
  233 0000000C         MemoryManagement_Handler
                               PROC
  234 0000000C                 EXPORT           MemoryManagement_Handler  [WEAK
]
  235 0000000C E7FE            B                .
  236 0000000E                 ENDP
  238 0000000E         BusFault_Handler
                               PROC
  239 0000000E                 EXPORT           BusFault_Handler          [WEAK
]
  240 0000000E E7FE            B                .
  241 00000010                 ENDP
  243 00000010         UsageFault_Handler
                               PROC
  244 00000010                 EXPORT           UsageFault_Handler        [WEAK
]
  245 00000010 E7FE            B                .
  246 00000012                 ENDP
  247 00000012         SVC_Handler
                               PROC
  248 00000012                 EXPORT           SVC_Handler               [WEAK
]
  249 00000012 E7FE            B                .
  250 00000014                 ENDP
  252 00000014         DebugMon_Handler
                               PROC
  253 00000014                 EXPORT           DebugMon_Handler          [WEAK
]
  254 00000014 E7FE            B                .
  255 00000016                 ENDP
  256 00000016         PendSV_Handler
                               PROC
  257 00000016                 EXPORT           PendSV_Handler            [WEAK
]
  258 00000016 E7FE            B                .
  259 00000018                 ENDP
  260 00000018         SysTick_Handler
                               PROC
  261 00000018                 EXPORT           SysTick_Handler           [WEAK
]
  262 00000018 E7FE            B                .
  263 0000001A                 ENDP
  264 0000001A         
  265 0000001A         Default_Handler
                               PROC
  266 0000001A         
  267 0000001A                 EXPORT           POWER_CLOCK_IRQHandler [WEAK]
  268 0000001A                 EXPORT           RADIO_IRQHandler [WEAK]
  269 0000001A                 EXPORT           UARTE0_UART0_IRQHandler [WEAK]
  270 0000001A                 EXPORT           TWIM0_TWIS0_TWI0_IRQHandler [WE
AK]
  271 0000001A                 EXPORT           SPIM0_SPIS0_SPI0_IRQHandler [WE



ARM Macro Assembler    Page 6 


AK]
  272 0000001A                 EXPORT           GPIOTE_IRQHandler [WEAK]
  273 0000001A                 EXPORT           SAADC_IRQHandler [WEAK]
  274 0000001A                 EXPORT           TIMER0_IRQHandler [WEAK]
  275 0000001A                 EXPORT           TIMER1_IRQHandler [WEAK]
  276 0000001A                 EXPORT           TIMER2_IRQHandler [WEAK]
  277 0000001A                 EXPORT           RTC0_IRQHandler [WEAK]
  278 0000001A                 EXPORT           TEMP_IRQHandler [WEAK]
  279 0000001A                 EXPORT           RNG_IRQHandler [WEAK]
  280 0000001A                 EXPORT           ECB_IRQHandler [WEAK]
  281 0000001A                 EXPORT           CCM_AAR_IRQHandler [WEAK]
  282 0000001A                 EXPORT           WDT_IRQHandler [WEAK]
  283 0000001A                 EXPORT           RTC1_IRQHandler [WEAK]
  284 0000001A                 EXPORT           QDEC_IRQHandler [WEAK]
  285 0000001A                 EXPORT           COMP_IRQHandler [WEAK]
  286 0000001A                 EXPORT           SWI0_EGU0_IRQHandler [WEAK]
  287 0000001A                 EXPORT           SWI1_EGU1_IRQHandler [WEAK]
  288 0000001A                 EXPORT           SWI2_IRQHandler [WEAK]
  289 0000001A                 EXPORT           SWI3_IRQHandler [WEAK]
  290 0000001A                 EXPORT           SWI4_IRQHandler [WEAK]
  291 0000001A                 EXPORT           SWI5_IRQHandler [WEAK]
  292 0000001A                 EXPORT           PWM0_IRQHandler [WEAK]
  293 0000001A                 EXPORT           PDM_IRQHandler [WEAK]
  294 0000001A         POWER_CLOCK_IRQHandler
  295 0000001A         RADIO_IRQHandler
  296 0000001A         UARTE0_UART0_IRQHandler
  297 0000001A         TWIM0_TWIS0_TWI0_IRQHandler
  298 0000001A         SPIM0_SPIS0_SPI0_IRQHandler
  299 0000001A         GPIOTE_IRQHandler
  300 0000001A         SAADC_IRQHandler
  301 0000001A         TIMER0_IRQHandler
  302 0000001A         TIMER1_IRQHandler
  303 0000001A         TIMER2_IRQHandler
  304 0000001A         RTC0_IRQHandler
  305 0000001A         TEMP_IRQHandler
  306 0000001A         RNG_IRQHandler
  307 0000001A         ECB_IRQHandler
  308 0000001A         CCM_AAR_IRQHandler
  309 0000001A         WDT_IRQHandler
  310 0000001A         RTC1_IRQHandler
  311 0000001A         QDEC_IRQHandler
  312 0000001A         COMP_IRQHandler
  313 0000001A         SWI0_EGU0_IRQHandler
  314 0000001A         SWI1_EGU1_IRQHandler
  315 0000001A         SWI2_IRQHandler
  316 0000001A         SWI3_IRQHandler
  317 0000001A         SWI4_IRQHandler
  318 0000001A         SWI5_IRQHandler
  319 0000001A         PWM0_IRQHandler
  320 0000001A         PDM_IRQHandler
  321 0000001A E7FE            B                .
  322 0000001C                 ENDP
  323 0000001C                 ALIGN
  324 0000001C         
  325 0000001C         ; User Initial Stack & Heap
  326 0000001C         
  327 0000001C                 IF               :DEF:__MICROLIB
  334 0000001C         
  335 0000001C                 IMPORT           __use_two_region_memory



ARM Macro Assembler    Page 7 


  336 0000001C                 EXPORT           __user_initial_stackheap
  337 0000001C         
  338 0000001C         __user_initial_stackheap
                               PROC
  339 0000001C         
  340 0000001C 4804            LDR              R0, = Heap_Mem
  341 0000001E 4905            LDR              R1, = (Stack_Mem + Stack_Size)
  342 00000020 4A05            LDR              R2, = (Heap_Mem + Heap_Size)
  343 00000022 4B06            LDR              R3, = Stack_Mem
  344 00000024 4770            BX               LR
  345 00000026                 ENDP
  346 00000026         
  347 00000026 00 00           ALIGN
  348 00000028         
  349 00000028                 ENDIF
  350 00000028         
  351 00000028                 END
              00000000 
              00000000 
              00000000 
              00000800 
              00000800 
              00000000 
Command Line: --debug --xref --diag_suppress=9931 --cpu=Cortex-M4 --apcs=interw
ork --depend=.\objects\arm_startup_nrf52810.d -o.\objects\arm_startup_nrf52810.
o -I.\RTE\_nRF52810 -IC:\Users\larry\AppData\Local\Arm\Packs\ARM\CMSIS\5.5.1\CM
SIS\Core\Include -IC:\Users\larry\AppData\Local\Arm\Packs\NordicSemiconductor\n
RF_DeviceFamilyPack\8.30.2\Device\Include --predefine="__UVISION_VERSION SETA 5
28" --predefine="_RTE_ SETA 1" --predefine="NRF52810_XXAA SETA 1" --predefine="
BOARD_PCA10040 SETA 1" --predefine="BSP_DEFINES_ONLY SETA 1" --predefine="CONFI
G_GPIO_AS_PINRESET SETA 1" --predefine="FLOAT_ABI_HARD SETA 1" --predefine="NRF
52 SETA 1" --predefine="NRF52810_XXAA SETA 1" --predefine="NRF52_PAN_74 SETA 1"
 --list=.\listings\arm_startup_nrf52810.lst ..\nrfx\mdk\arm_startup_nrf52810.s



ARM Macro Assembler    Page 1 Alphabetic symbol ordering
Relocatable symbols

STACK 00000000

Symbol: STACK
   Definitions
      At line 42 in file ..\nrfx\mdk\arm_startup_nrf52810.s
   Uses
      None
Comment: STACK unused
Stack_Mem 00000000

Symbol: Stack_Mem
   Definitions
      At line 43 in file ..\nrfx\mdk\arm_startup_nrf52810.s
   Uses
      At line 341 in file ..\nrfx\mdk\arm_startup_nrf52810.s
      At line 343 in file ..\nrfx\mdk\arm_startup_nrf52810.s

__initial_sp 00000800

Symbol: __initial_sp
   Definitions
      At line 44 in file ..\nrfx\mdk\arm_startup_nrf52810.s
   Uses
      At line 69 in file ..\nrfx\mdk\arm_startup_nrf52810.s
Comment: __initial_sp used once
3 symbols



ARM Macro Assembler    Page 1 Alphabetic symbol ordering
Relocatable symbols

HEAP 00000000

Symbol: HEAP
   Definitions
      At line 54 in file ..\nrfx\mdk\arm_startup_nrf52810.s
   Uses
      None
Comment: HEAP unused
Heap_Mem 00000000

Symbol: Heap_Mem
   Definitions
      At line 56 in file ..\nrfx\mdk\arm_startup_nrf52810.s
   Uses
      At line 340 in file ..\nrfx\mdk\arm_startup_nrf52810.s
      At line 342 in file ..\nrfx\mdk\arm_startup_nrf52810.s

__heap_base 00000000

Symbol: __heap_base
   Definitions
      At line 55 in file ..\nrfx\mdk\arm_startup_nrf52810.s
   Uses
      None
Comment: __heap_base unused
__heap_limit 00000800

Symbol: __heap_limit
   Definitions
      At line 57 in file ..\nrfx\mdk\arm_startup_nrf52810.s
   Uses
      None
Comment: __heap_limit unused
4 symbols



ARM Macro Assembler    Page 1 Alphabetic symbol ordering
Relocatable symbols

RESET 00000000

Symbol: RESET
   Definitions
      At line 64 in file ..\nrfx\mdk\arm_startup_nrf52810.s
   Uses
      None
Comment: RESET unused
__Vectors 00000000

Symbol: __Vectors
   Definitions
      At line 69 in file ..\nrfx\mdk\arm_startup_nrf52810.s
   Uses
      At line 65 in file ..\nrfx\mdk\arm_startup_nrf52810.s
      At line 202 in file ..\nrfx\mdk\arm_startup_nrf52810.s

__Vectors_End 00000200

Symbol: __Vectors_End
   Definitions
      At line 200 in file ..\nrfx\mdk\arm_startup_nrf52810.s
   Uses
      At line 66 in file ..\nrfx\mdk\arm_startup_nrf52810.s
      At line 202 in file ..\nrfx\mdk\arm_startup_nrf52810.s

3 symbols



ARM Macro Assembler    Page 1 Alphabetic symbol ordering
Relocatable symbols

.text 00000000

Symbol: .text
   Definitions
      At line 204 in file ..\nrfx\mdk\arm_startup_nrf52810.s
   Uses
      None
Comment: .text unused
BusFault_Handler 0000000E

Symbol: BusFault_Handler
   Definitions
      At line 238 in file ..\nrfx\mdk\arm_startup_nrf52810.s
   Uses
      At line 74 in file ..\nrfx\mdk\arm_startup_nrf52810.s
      At line 239 in file ..\nrfx\mdk\arm_startup_nrf52810.s

CCM_AAR_IRQHandler 0000001A

Symbol: CCM_AAR_IRQHandler
   Definitions
      At line 308 in file ..\nrfx\mdk\arm_startup_nrf52810.s
   Uses
      At line 102 in file ..\nrfx\mdk\arm_startup_nrf52810.s
      At line 281 in file ..\nrfx\mdk\arm_startup_nrf52810.s

COMP_IRQHandler 0000001A

Symbol: COMP_IRQHandler
   Definitions
      At line 312 in file ..\nrfx\mdk\arm_startup_nrf52810.s
   Uses
      At line 106 in file ..\nrfx\mdk\arm_startup_nrf52810.s
      At line 285 in file ..\nrfx\mdk\arm_startup_nrf52810.s

DebugMon_Handler 00000014

Symbol: DebugMon_Handler
   Definitions
      At line 252 in file ..\nrfx\mdk\arm_startup_nrf52810.s
   Uses
      At line 81 in file ..\nrfx\mdk\arm_startup_nrf52810.s
      At line 253 in file ..\nrfx\mdk\arm_startup_nrf52810.s

Default_Handler 0000001A

Symbol: Default_Handler
   Definitions
      At line 265 in file ..\nrfx\mdk\arm_startup_nrf52810.s
   Uses
      None
Comment: Default_Handler unused
ECB_IRQHandler 0000001A

Symbol: ECB_IRQHandler
   Definitions
      At line 307 in file ..\nrfx\mdk\arm_startup_nrf52810.s
   Uses
      At line 101 in file ..\nrfx\mdk\arm_startup_nrf52810.s



ARM Macro Assembler    Page 2 Alphabetic symbol ordering
Relocatable symbols

      At line 280 in file ..\nrfx\mdk\arm_startup_nrf52810.s

GPIOTE_IRQHandler 0000001A

Symbol: GPIOTE_IRQHandler
   Definitions
      At line 299 in file ..\nrfx\mdk\arm_startup_nrf52810.s
   Uses
      At line 93 in file ..\nrfx\mdk\arm_startup_nrf52810.s
      At line 272 in file ..\nrfx\mdk\arm_startup_nrf52810.s

HardFault_Handler 0000000A

Symbol: HardFault_Handler
   Definitions
      At line 228 in file ..\nrfx\mdk\arm_startup_nrf52810.s
   Uses
      At line 72 in file ..\nrfx\mdk\arm_startup_nrf52810.s
      At line 229 in file ..\nrfx\mdk\arm_startup_nrf52810.s

MemoryManagement_Handler 0000000C

Symbol: MemoryManagement_Handler
   Definitions
      At line 233 in file ..\nrfx\mdk\arm_startup_nrf52810.s
   Uses
      At line 73 in file ..\nrfx\mdk\arm_startup_nrf52810.s
      At line 234 in file ..\nrfx\mdk\arm_startup_nrf52810.s

NMI_Handler 00000008

Symbol: NMI_Handler
   Definitions
      At line 223 in file ..\nrfx\mdk\arm_startup_nrf52810.s
   Uses
      At line 71 in file ..\nrfx\mdk\arm_startup_nrf52810.s
      At line 224 in file ..\nrfx\mdk\arm_startup_nrf52810.s

PDM_IRQHandler 0000001A

Symbol: PDM_IRQHandler
   Definitions
      At line 320 in file ..\nrfx\mdk\arm_startup_nrf52810.s
   Uses
      At line 116 in file ..\nrfx\mdk\arm_startup_nrf52810.s
      At line 293 in file ..\nrfx\mdk\arm_startup_nrf52810.s

POWER_CLOCK_IRQHandler 0000001A

Symbol: POWER_CLOCK_IRQHandler
   Definitions
      At line 294 in file ..\nrfx\mdk\arm_startup_nrf52810.s
   Uses
      At line 87 in file ..\nrfx\mdk\arm_startup_nrf52810.s
      At line 267 in file ..\nrfx\mdk\arm_startup_nrf52810.s

PWM0_IRQHandler 0000001A

Symbol: PWM0_IRQHandler



ARM Macro Assembler    Page 3 Alphabetic symbol ordering
Relocatable symbols

   Definitions
      At line 319 in file ..\nrfx\mdk\arm_startup_nrf52810.s
   Uses
      At line 115 in file ..\nrfx\mdk\arm_startup_nrf52810.s
      At line 292 in file ..\nrfx\mdk\arm_startup_nrf52810.s

PendSV_Handler 00000016

Symbol: PendSV_Handler
   Definitions
      At line 256 in file ..\nrfx\mdk\arm_startup_nrf52810.s
   Uses
      At line 83 in file ..\nrfx\mdk\arm_startup_nrf52810.s
      At line 257 in file ..\nrfx\mdk\arm_startup_nrf52810.s

QDEC_IRQHandler 0000001A

Symbol: QDEC_IRQHandler
   Definitions
      At line 311 in file ..\nrfx\mdk\arm_startup_nrf52810.s
   Uses
      At line 105 in file ..\nrfx\mdk\arm_startup_nrf52810.s
      At line 284 in file ..\nrfx\mdk\arm_startup_nrf52810.s

RADIO_IRQHandler 0000001A

Symbol: RADIO_IRQHandler
   Definitions
      At line 295 in file ..\nrfx\mdk\arm_startup_nrf52810.s
   Uses
      At line 88 in file ..\nrfx\mdk\arm_startup_nrf52810.s
      At line 268 in file ..\nrfx\mdk\arm_startup_nrf52810.s

RNG_IRQHandler 0000001A

Symbol: RNG_IRQHandler
   Definitions
      At line 306 in file ..\nrfx\mdk\arm_startup_nrf52810.s
   Uses
      At line 100 in file ..\nrfx\mdk\arm_startup_nrf52810.s
      At line 279 in file ..\nrfx\mdk\arm_startup_nrf52810.s

RTC0_IRQHandler 0000001A

Symbol: RTC0_IRQHandler
   Definitions
      At line 304 in file ..\nrfx\mdk\arm_startup_nrf52810.s
   Uses
      At line 98 in file ..\nrfx\mdk\arm_startup_nrf52810.s
      At line 277 in file ..\nrfx\mdk\arm_startup_nrf52810.s

RTC1_IRQHandler 0000001A

Symbol: RTC1_IRQHandler
   Definitions
      At line 310 in file ..\nrfx\mdk\arm_startup_nrf52810.s
   Uses
      At line 104 in file ..\nrfx\mdk\arm_startup_nrf52810.s
      At line 283 in file ..\nrfx\mdk\arm_startup_nrf52810.s



ARM Macro Assembler    Page 4 Alphabetic symbol ordering
Relocatable symbols


Reset_Handler 00000000

Symbol: Reset_Handler
   Definitions
      At line 209 in file ..\nrfx\mdk\arm_startup_nrf52810.s
   Uses
      At line 70 in file ..\nrfx\mdk\arm_startup_nrf52810.s
      At line 210 in file ..\nrfx\mdk\arm_startup_nrf52810.s

SAADC_IRQHandler 0000001A

Symbol: SAADC_IRQHandler
   Definitions
      At line 300 in file ..\nrfx\mdk\arm_startup_nrf52810.s
   Uses
      At line 94 in file ..\nrfx\mdk\arm_startup_nrf52810.s
      At line 273 in file ..\nrfx\mdk\arm_startup_nrf52810.s

SPIM0_SPIS0_SPI0_IRQHandler 0000001A

Symbol: SPIM0_SPIS0_SPI0_IRQHandler
   Definitions
      At line 298 in file ..\nrfx\mdk\arm_startup_nrf52810.s
   Uses
      At line 91 in file ..\nrfx\mdk\arm_startup_nrf52810.s
      At line 271 in file ..\nrfx\mdk\arm_startup_nrf52810.s

SVC_Handler 00000012

Symbol: SVC_Handler
   Definitions
      At line 247 in file ..\nrfx\mdk\arm_startup_nrf52810.s
   Uses
      At line 80 in file ..\nrfx\mdk\arm_startup_nrf52810.s
      At line 248 in file ..\nrfx\mdk\arm_startup_nrf52810.s

SWI0_EGU0_IRQHandler 0000001A

Symbol: SWI0_EGU0_IRQHandler
   Definitions
      At line 313 in file ..\nrfx\mdk\arm_startup_nrf52810.s
   Uses
      At line 107 in file ..\nrfx\mdk\arm_startup_nrf52810.s
      At line 286 in file ..\nrfx\mdk\arm_startup_nrf52810.s

SWI1_EGU1_IRQHandler 0000001A

Symbol: SWI1_EGU1_IRQHandler
   Definitions
      At line 314 in file ..\nrfx\mdk\arm_startup_nrf52810.s
   Uses
      At line 108 in file ..\nrfx\mdk\arm_startup_nrf52810.s
      At line 287 in file ..\nrfx\mdk\arm_startup_nrf52810.s

SWI2_IRQHandler 0000001A

Symbol: SWI2_IRQHandler
   Definitions



ARM Macro Assembler    Page 5 Alphabetic symbol ordering
Relocatable symbols

      At line 315 in file ..\nrfx\mdk\arm_startup_nrf52810.s
   Uses
      At line 109 in file ..\nrfx\mdk\arm_startup_nrf52810.s
      At line 288 in file ..\nrfx\mdk\arm_startup_nrf52810.s

SWI3_IRQHandler 0000001A

Symbol: SWI3_IRQHandler
   Definitions
      At line 316 in file ..\nrfx\mdk\arm_startup_nrf52810.s
   Uses
      At line 110 in file ..\nrfx\mdk\arm_startup_nrf52810.s
      At line 289 in file ..\nrfx\mdk\arm_startup_nrf52810.s

SWI4_IRQHandler 0000001A

Symbol: SWI4_IRQHandler
   Definitions
      At line 317 in file ..\nrfx\mdk\arm_startup_nrf52810.s
   Uses
      At line 111 in file ..\nrfx\mdk\arm_startup_nrf52810.s
      At line 290 in file ..\nrfx\mdk\arm_startup_nrf52810.s

SWI5_IRQHandler 0000001A

Symbol: SWI5_IRQHandler
   Definitions
      At line 318 in file ..\nrfx\mdk\arm_startup_nrf52810.s
   Uses
      At line 112 in file ..\nrfx\mdk\arm_startup_nrf52810.s
      At line 291 in file ..\nrfx\mdk\arm_startup_nrf52810.s

SysTick_Handler 00000018

Symbol: SysTick_Handler
   Definitions
      At line 260 in file ..\nrfx\mdk\arm_startup_nrf52810.s
   Uses
      At line 84 in file ..\nrfx\mdk\arm_startup_nrf52810.s
      At line 261 in file ..\nrfx\mdk\arm_startup_nrf52810.s

TEMP_IRQHandler 0000001A

Symbol: TEMP_IRQHandler
   Definitions
      At line 305 in file ..\nrfx\mdk\arm_startup_nrf52810.s
   Uses
      At line 99 in file ..\nrfx\mdk\arm_startup_nrf52810.s
      At line 278 in file ..\nrfx\mdk\arm_startup_nrf52810.s

TIMER0_IRQHandler 0000001A

Symbol: TIMER0_IRQHandler
   Definitions
      At line 301 in file ..\nrfx\mdk\arm_startup_nrf52810.s
   Uses
      At line 95 in file ..\nrfx\mdk\arm_startup_nrf52810.s
      At line 274 in file ..\nrfx\mdk\arm_startup_nrf52810.s




ARM Macro Assembler    Page 6 Alphabetic symbol ordering
Relocatable symbols

TIMER1_IRQHandler 0000001A

Symbol: TIMER1_IRQHandler
   Definitions
      At line 302 in file ..\nrfx\mdk\arm_startup_nrf52810.s
   Uses
      At line 96 in file ..\nrfx\mdk\arm_startup_nrf52810.s
      At line 275 in file ..\nrfx\mdk\arm_startup_nrf52810.s

TIMER2_IRQHandler 0000001A

Symbol: TIMER2_IRQHandler
   Definitions
      At line 303 in file ..\nrfx\mdk\arm_startup_nrf52810.s
   Uses
      At line 97 in file ..\nrfx\mdk\arm_startup_nrf52810.s
      At line 276 in file ..\nrfx\mdk\arm_startup_nrf52810.s

TWIM0_TWIS0_TWI0_IRQHandler 0000001A

Symbol: TWIM0_TWIS0_TWI0_IRQHandler
   Definitions
      At line 297 in file ..\nrfx\mdk\arm_startup_nrf52810.s
   Uses
      At line 90 in file ..\nrfx\mdk\arm_startup_nrf52810.s
      At line 270 in file ..\nrfx\mdk\arm_startup_nrf52810.s

UARTE0_UART0_IRQHandler 0000001A

Symbol: UARTE0_UART0_IRQHandler
   Definitions
      At line 296 in file ..\nrfx\mdk\arm_startup_nrf52810.s
   Uses
      At line 89 in file ..\nrfx\mdk\arm_startup_nrf52810.s
      At line 269 in file ..\nrfx\mdk\arm_startup_nrf52810.s

UsageFault_Handler 00000010

Symbol: UsageFault_Handler
   Definitions
      At line 243 in file ..\nrfx\mdk\arm_startup_nrf52810.s
   Uses
      At line 75 in file ..\nrfx\mdk\arm_startup_nrf52810.s
      At line 244 in file ..\nrfx\mdk\arm_startup_nrf52810.s

WDT_IRQHandler 0000001A

Symbol: WDT_IRQHandler
   Definitions
      At line 309 in file ..\nrfx\mdk\arm_startup_nrf52810.s
   Uses
      At line 103 in file ..\nrfx\mdk\arm_startup_nrf52810.s
      At line 282 in file ..\nrfx\mdk\arm_startup_nrf52810.s

__user_initial_stackheap 0000001C

Symbol: __user_initial_stackheap
   Definitions
      At line 338 in file ..\nrfx\mdk\arm_startup_nrf52810.s



ARM Macro Assembler    Page 7 Alphabetic symbol ordering
Relocatable symbols

   Uses
      At line 336 in file ..\nrfx\mdk\arm_startup_nrf52810.s
Comment: __user_initial_stackheap used once
40 symbols



ARM Macro Assembler    Page 1 Alphabetic symbol ordering
Absolute symbols

Heap_Size 00000800

Symbol: Heap_Size
   Definitions
      At line 51 in file ..\nrfx\mdk\arm_startup_nrf52810.s
   Uses
      At line 56 in file ..\nrfx\mdk\arm_startup_nrf52810.s
      At line 342 in file ..\nrfx\mdk\arm_startup_nrf52810.s

Stack_Align 00000003

Symbol: Stack_Align
   Definitions
      At line 39 in file ..\nrfx\mdk\arm_startup_nrf52810.s
   Uses
      At line 42 in file ..\nrfx\mdk\arm_startup_nrf52810.s
Comment: Stack_Align used once
Stack_Size 00000800

Symbol: Stack_Size
   Definitions
      At line 33 in file ..\nrfx\mdk\arm_startup_nrf52810.s
   Uses
      At line 43 in file ..\nrfx\mdk\arm_startup_nrf52810.s
      At line 341 in file ..\nrfx\mdk\arm_startup_nrf52810.s

__Vectors_Size 00000200

Symbol: __Vectors_Size
   Definitions
      At line 202 in file ..\nrfx\mdk\arm_startup_nrf52810.s
   Uses
      At line 67 in file ..\nrfx\mdk\arm_startup_nrf52810.s
Comment: __Vectors_Size used once
4 symbols



ARM Macro Assembler    Page 1 Alphabetic symbol ordering
External symbols

SystemInit 00000000

Symbol: SystemInit
   Definitions
      At line 211 in file ..\nrfx\mdk\arm_startup_nrf52810.s
   Uses
      At line 215 in file ..\nrfx\mdk\arm_startup_nrf52810.s
Comment: SystemInit used once
__main 00000000

Symbol: __main
   Definitions
      At line 212 in file ..\nrfx\mdk\arm_startup_nrf52810.s
   Uses
      At line 217 in file ..\nrfx\mdk\arm_startup_nrf52810.s
Comment: __main used once
__use_two_region_memory 00000000

Symbol: __use_two_region_memory
   Definitions
      At line 335 in file ..\nrfx\mdk\arm_startup_nrf52810.s
   Uses
      None
Comment: __use_two_region_memory unused
3 symbols
412 symbols in table
